<?xml version="1.0" encoding="UTF-8"?>
<!-- Generated by org.testng.reporters.JUnitXMLReporter -->
<testsuite ignored="0" hostname="DESKTOP-HVT9HP9" failures="0" tests="3" name="Default test" time="14.929" errors="0" timestamp="2026-03-30T21:45:33 IST">
  <testcase classname="testngframework.C_TestNG_TCs_Execution_Alphabatical_Order" name="facebook" time="3.693"/>
  <testcase classname="testngframework.C_TestNG_TCs_Execution_Alphabatical_Order" name="google" time="2.113"/>
  <testcase classname="testngframework.C_TestNG_TCs_Execution_Alphabatical_Order" name="zomato" time="5.277"/>
</testsuite> <!-- Default test -->
