<?xml version="1.0" encoding="UTF-8"?>
<testng-results ignored="0" total="1" passed="1" failed="0" skipped="0">
  <reporter-output>
  </reporter-output>
  <suite started-at="2026-04-01T21:10:20 IST" name="Default suite" finished-at="2026-04-01T21:10:30 IST" duration-ms="10267">
    <groups>
    </groups>
    <test started-at="2026-04-01T21:10:20 IST" name="Default test" finished-at="2026-04-01T21:10:30 IST" duration-ms="10267">
      <class name="github.DemoGit">
        <test-method is-config="true" signature="beforeTest()[pri:0, instance:github.DemoGit@1e800aaa]" started-at="2026-04-01T21:10:20 IST" name="beforeTest" finished-at="2026-04-01T21:10:28 IST" duration-ms="8520" status="PASS">
          <reporter-output>
          </reporter-output>
        </test-method> <!-- beforeTest -->
        <test-method signature="f()[pri:0, instance:github.DemoGit@1e800aaa]" started-at="2026-04-01T21:10:28 IST" name="f" finished-at="2026-04-01T21:10:30 IST" duration-ms="1633" status="PASS">
          <reporter-output>
          </reporter-output>
        </test-method> <!-- f -->
      </class> <!-- github.DemoGit -->
    </test> <!-- Default test -->
  </suite> <!-- Default suite -->
</testng-results>
