<?xml version="1.0" encoding="UTF-8"?>
<!-- Generated by org.testng.reporters.JUnitReportReporter -->
<testsuite hostname="DESKTOP-HVT9HP9" failures="0" tests="8" name="testngframework.J_TestNG_TCs_Execution_from_XML_File" time="25.018" errors="0" timestamp="2026-03-21T13:03:59 IST" skipped="0">
  <testcase classname="testngframework.J_TestNG_TCs_Execution_from_XML_File" name="chatgpt" time="6.161"/>
  <testcase classname="testngframework.J_TestNG_TCs_Execution_from_XML_File" name="selenium" time="1.867"/>
  <testcase classname="testngframework.J_TestNG_TCs_Execution_from_XML_File" name="redmine" time="5.529"/>
  <testcase classname="testngframework.J_TestNG_TCs_Execution_from_XML_File" name="facebook" time="2.197"/>
  <testcase classname="testngframework.J_TestNG_TCs_Execution_from_XML_File" name="zomato" time="2.901"/>
  <testcase classname="testngframework.J_TestNG_TCs_Execution_from_XML_File" name="gmail" time="3.586"/>
  <testcase classname="testngframework.J_TestNG_TCs_Execution_from_XML_File" name="google" time="1.182"/>
  <testcase classname="testngframework.J_TestNG_TCs_Execution_from_XML_File" name="swiggy" time="1.595"/>
</testsuite> <!-- testngframework.J_TestNG_TCs_Execution_from_XML_File -->
