<?xml version="1.0" encoding="UTF-8"?>
<!-- Generated by org.testng.reporters.JUnitReportReporter -->
<testsuite hostname="DESKTOP-HVT9HP9" failures="0" tests="3" name="testngframework.C_TestNG_TCs_Execution_Alphabatical_Order" time="11.083" errors="0" timestamp="2026-03-30T21:45:33 IST" skipped="0">
  <testcase classname="testngframework.C_TestNG_TCs_Execution_Alphabatical_Order" name="zomato" time="5.277"/>
  <testcase classname="testngframework.C_TestNG_TCs_Execution_Alphabatical_Order" name="facebook" time="3.693"/>
  <testcase classname="testngframework.C_TestNG_TCs_Execution_Alphabatical_Order" name="google" time="2.113"/>
</testsuite> <!-- testngframework.C_TestNG_TCs_Execution_Alphabatical_Order -->
