<?xml version="1.0" encoding="UTF-8"?>
<!-- Generated by org.testng.reporters.JUnitReportReporter -->
<testsuite hostname="DESKTOP-HVT9HP9" failures="0" tests="1" name="isdisplayedisenabledisselected.VerficationWebElementsStates" time="4.987" errors="0" timestamp="2026-03-12T23:28:56 IST" skipped="0">
  <testcase classname="isdisplayedisenabledisselected.VerficationWebElementsStates" name="isDisplayedMethod" time="4.987"/>
</testsuite> <!-- isdisplayedisenabledisselected.VerficationWebElementsStates -->
