<?xml version="1.0" encoding="UTF-8"?>
<!-- Generated by org.testng.reporters.JUnitReportReporter -->
<testsuite hostname="DESKTOP-HVT9HP9" failures="0" tests="6" name="testngframework.F_TestNG_TCs_Description_Feature" time="16.267" errors="0" timestamp="2026-03-21T12:50:45 IST" skipped="1">
  <testcase classname="testngframework.F_TestNG_TCs_Description_Feature" name="testcase3" time="1.436"/>
  <testcase classname="testngframework.F_TestNG_TCs_Description_Feature" name="testcase1" time="1.601"/>
  <testcase classname="testngframework.F_TestNG_TCs_Description_Feature" name="testcase2" time="1.938"/>
  <testcase classname="testngframework.F_TestNG_TCs_Description_Feature" name="testcase4" time="5.232"/>
  <testcase classname="testngframework.F_TestNG_TCs_Description_Feature" name="testcase6" time="6.060"/>
  <testcase classname="testngframework.F_TestNG_TCs_Description_Feature" name="testcase5">
    <skipped/>
  </testcase> <!-- testcase5 -->
</testsuite> <!-- testngframework.F_TestNG_TCs_Description_Feature -->
