<?xml version="1.0" encoding="UTF-8"?>
<!-- Generated by org.testng.reporters.JUnitReportReporter -->
<testsuite hostname="DESKTOP-HVT9HP9" failures="0" tests="2" name="testngframework.G_TestCases_DependsOnMethods" time="3.826" errors="0" timestamp="2026-03-24T21:14:42 IST" skipped="0">
  <testcase classname="testngframework.G_TestCases_DependsOnMethods" name="method1" time="0.557"/>
  <testcase classname="testngframework.G_TestCases_DependsOnMethods" name="method2" time="3.269"/>
</testsuite> <!-- testngframework.G_TestCases_DependsOnMethods -->
