<?xml version="1.0" encoding="UTF-8"?>
<!-- Generated by org.testng.reporters.JUnitReportReporter -->
<testsuite hostname="DESKTOP-HVT9HP9" failures="0" tests="2" name="testngframework.H_TestCases_TimeOut_Feature" time="18.530" errors="1" timestamp="2026-03-24T22:39:21 IST" skipped="0">
  <testcase classname="testngframework.H_TestCases_TimeOut_Feature" name="hellowtealogin" time="8.040">
    <error message="Method testngframework.H_TestCases_TimeOut_Feature.hellowtealogin() didn&#039;t finish within the time-out 8000" type="org.testng.internal.thread.ThreadTimeoutException">
      <![CDATA[org.testng.internal.thread.ThreadTimeoutException: Method testngframework.H_TestCases_TimeOut_Feature.hellowtealogin() didn't finish within the time-out 8000
at java.base/jdk.internal.misc.Unsafe.park(Native Method)
at java.base/java.util.concurrent.locks.LockSupport.park(LockSupport.java:221)
at java.base/java.util.concurrent.CompletableFuture$Signaller.block(CompletableFuture.java:1864)
at java.base/java.util.concurrent.ForkJoinPool.unmanagedBlock(ForkJoinPool.java:3778)
at java.base/java.util.concurrent.ForkJoinPool.managedBlock(ForkJoinPool.java:3723)
at java.base/java.util.concurrent.CompletableFuture.waitingGet(CompletableFuture.java:1898)
at java.base/java.util.concurrent.CompletableFuture.get(CompletableFuture.java:2072)
at org.openqa.selenium.remote.http.jdk.JdkHttpClient.execute(JdkHttpClient.java:418)
at org.openqa.selenium.remote.HttpCommandExecutor.execute(HttpCommandExecutor.java:220)
at org.openqa.selenium.remote.service.DriverCommandExecutor.invokeExecute(DriverCommandExecutor.java:216)
at org.openqa.selenium.remote.service.DriverCommandExecutor.execute(DriverCommandExecutor.java:174)
at org.openqa.selenium.remote.RemoteWebDriver.execute(RemoteWebDriver.java:604)
at org.openqa.selenium.remote.RemoteWebElement.execute(RemoteWebElement.java:223)
at org.openqa.selenium.remote.RemoteWebElement.click(RemoteWebElement.java:76)
at testngframework.H_TestCases_TimeOut_Feature.hellowtealogin(H_TestCases_TimeOut_Feature.java:30)
at java.base/jdk.internal.reflect.DirectMethodHandleAccessor.invoke(DirectMethodHandleAccessor.java:103)
at java.base/java.lang.reflect.Method.invoke(Method.java:580)
at org.testng.internal.invokers.MethodInvocationHelper.invokeMethod(MethodInvocationHelper.java:141)
at org.testng.internal.invokers.InvokeMethodRunnable.runOne(InvokeMethodRunnable.java:47)
at org.testng.internal.invokers.InvokeMethodRunnable.call(InvokeMethodRunnable.java:76)
at org.testng.internal.invokers.InvokeMethodRunnable.call(InvokeMethodRunnable.java:11)
at java.base/java.util.concurrent.FutureTask.run(FutureTask.java:317)
at java.base/java.util.concurrent.ThreadPoolExecutor.runWorker(ThreadPoolExecutor.java:1144)
at java.base/java.util.concurrent.ThreadPoolExecutor$Worker.run(ThreadPoolExecutor.java:642)
at java.base/java.lang.Thread.run(Thread.java:1583)
]]>
    </error>
  </testcase> <!-- hellowtealogin -->
  <testcase classname="testngframework.H_TestCases_TimeOut_Feature" name="techlearnlogin" time="10.490"/>
</testsuite> <!-- testngframework.H_TestCases_TimeOut_Feature -->
